<?xml version="1.0" encoding="UTF-8"?>
<testng-results ignored="0" total="2" passed="2" failed="0" skipped="0">
  <reporter-output>
  </reporter-output>
  <suite started-at="2022-10-07T22:37:28 IST" name="Default Suite" finished-at="2022-10-07T22:37:36 IST" duration-ms="8295">
    <groups>
    </groups>
    <test started-at="2022-10-07T22:37:28 IST" name="SeleniumBasicsNew" finished-at="2022-10-07T22:37:36 IST" duration-ms="8295">
      <class name="TestNGBasics.LoginTestWithDataProviderTest">
        <test-method is-config="true" signature="setUp()[pri:0, instance:TestNGBasics.LoginTestWithDataProviderTest@163e4e87]" started-at="2022-10-07T22:37:28 IST" name="setUp" finished-at="2022-10-07T22:37:33 IST" duration-ms="5245" status="PASS">
          <reporter-output>
          </reporter-output>
        </test-method> <!-- setUp -->
        <test-method signature="loginTest(java.lang.String,java.lang.String,java.lang.String)[pri:0, instance:TestNGBasics.LoginTestWithDataProviderTest@163e4e87]" started-at="2022-10-07T22:37:33 IST" name="loginTest" data-provider="loginDataProvider" finished-at="2022-10-07T22:37:34 IST" duration-ms="1119" status="PASS">
          <params>
            <param index="0">
              <value>
                <![CDATA[Palash]]>
              </value>
            </param>
            <param index="1">
              <value>
                <![CDATA[Palash@123]]>
              </value>
            </param>
            <param index="2">
              <value>
                <![CDATA[Success!]]>
              </value>
            </param>
          </params>
          <reporter-output>
          </reporter-output>
        </test-method> <!-- loginTest -->
        <test-method signature="loginTest(java.lang.String,java.lang.String,java.lang.String)[pri:0, instance:TestNGBasics.LoginTestWithDataProviderTest@163e4e87]" started-at="2022-10-07T22:37:34 IST" name="loginTest" data-provider="loginDataProvider" finished-at="2022-10-07T22:37:35 IST" duration-ms="518" status="PASS">
          <params>
            <param index="0">
              <value>
                <![CDATA[Parth123]]>
              </value>
            </param>
            <param index="1">
              <value>
                <![CDATA[P123]]>
              </value>
            </param>
            <param index="2">
              <value>
                <![CDATA[Failed! please enter strong password]]>
              </value>
            </param>
          </params>
          <reporter-output>
          </reporter-output>
        </test-method> <!-- loginTest -->
        <test-method is-config="true" signature="tearDown()[pri:0, instance:TestNGBasics.LoginTestWithDataProviderTest@163e4e87]" started-at="2022-10-07T22:37:35 IST" name="tearDown" finished-at="2022-10-07T22:37:36 IST" duration-ms="1316" status="PASS">
          <reporter-output>
          </reporter-output>
        </test-method> <!-- tearDown -->
      </class> <!-- TestNGBasics.LoginTestWithDataProviderTest -->
    </test> <!-- SeleniumBasicsNew -->
  </suite> <!-- Default Suite -->
</testng-results>
